<?xml version="1.0" encoding="UTF-8"?>
<!-- Generated by org.testng.reporters.JUnitXMLReporter -->
<testsuite ignored="0" hostname="Madhavi" failures="0" tests="4" name="DollardaysTest" time="67.147" errors="0" timestamp="2021-05-27T10:16:41 EDT">
  <testcase classname="com.DollarDays.testcases.TC_SiginTest" name="signinTestTC_DD04" time="7.69"/>
  <testcase classname="com.DollarDays.testcases.TC_SiginTest" name="SigninTestTC_DD05" time="7.593"/>
  <testcase classname="com.DollarDays.testcases.TC_PopUp_001" name="popuptest" time="23.423"/>
  <testcase classname="com.DollarDays.testcases.TC_WishList_003" name="wishlistTest" time="3.871"/>
</testsuite> <!-- DollardaysTest -->
