<?xml version="1.0" encoding="UTF-8"?>
<!-- Generated by org.testng.reporters.JUnitXMLReporter -->
<testsuite ignored="0" hostname="Madhavi" failures="0" tests="4" name="DollardaysTest" time="76.347" errors="0" timestamp="2021-06-02T15:20:49 EDT">
  <testcase classname="com.DollarDays.testcases.TC_SiginTest" name="signinTestTC_DD04" time="6.812"/>
  <testcase classname="com.DollarDays.testcases.TC_SiginTest" name="SigninTestTC_DD05" time="11.36"/>
  <testcase classname="com.DollarDays.testcases.TC_PopUp_001" name="popuptest" time="27.356"/>
  <testcase classname="com.DollarDays.testcases.TC_WishList_003" name="wishlistTest" time="6.608"/>
</testsuite> <!-- DollardaysTest -->
