<?xml version="1.0" encoding="UTF-8"?>
<testsuite xmlns:xsi="http://www.w3.org/2001/XMLSchema-instance" xsi:noNamespaceSchemaLocation="https://maven.apache.org/surefire/maven-surefire-plugin/xsd/surefire-test-report.xsd" name="TestSuite" time="83.632" tests="6" errors="0" skipped="2" failures="3">
  <properties>
[...]
</properties>
  <testcase name="signinTestTC_DD04" classname="com.DollarDays.testcases.TC_SiginTest" time="18.94">
    <failure message="no such element: Unable to locate element: {&quot;method&quot;:&quot;xpath&quot;,&quot;selector&quot;:&quot;//*[@id=&quot;aspnetForm&quot;]/header/div/div/div/div[3]/div/ul/li[1]/a/img&quot;}&#10;  (Session info: chrome=90.0.4430.212)&#10;For documentation on this error, please visit: https://www.seleniumhq.org/exceptions/no_such_element.html&#10;Build info: version: &apos;4.0.0-alpha-3&apos;, revision: &apos;8c567de6dc&apos;&#10;System info: host: &apos;MADHAVI&apos;, ip: &apos;192.168.1.193&apos;, os.name: &apos;Windows 10&apos;, os.arch: &apos;amd64&apos;, os.version: &apos;10.0&apos;, java.version: &apos;16&apos;&#10;Driver info: org.openqa.selenium.chrome.ChromeDriver&#10;Capabilities {acceptInsecureCerts: false, browserName: chrome, browserVersion: 90.0.4430.212, chrome: {chromedriverVersion: 90.0.4430.24 (4c6d850f087da..., userDataDir: C:\Users\vjkav\AppData\Loca...}, goog:chromeOptions: {debuggerAddress: localhost:65301}, javascriptEnabled: true, networkConnectionEnabled: false, pageLoadStrategy: normal, platform: WINDOWS, platformName: WINDOWS, proxy: Proxy(), setWindowRect: true, strictFileInteractability: false, timeouts: {implicit: 0, pageLoad: 300000, script: 30000}, unhandledPromptBehavior: dismiss and notify, webauthn:extension:largeBlob: true, webauthn:virtualAuthenticators: true}&#10;Session ID: e18ff417b0b9d1b795825898dfd2168c&#10;*** Element info: {Using=xpath, value=//*[@id=&quot;aspnetForm&quot;]/header/div/div/div/div[3]/div/ul/li[1]/a/img}" type="org.openqa.selenium.NoSuchElementException">org.openqa.selenium.NoSuchElementException: 
no such element: Unable to locate element: {"method":"xpath","selector":"//*[@id="aspnetForm"]/header/div/div/div/div[3]/div/ul/li[1]/a/img"}
  (Session info: chrome=90.0.4430.212)
For documentation on this error, please visit: https://www.seleniumhq.org/exceptions/no_such_element.html
Build info: version: '4.0.0-alpha-3', revision: '8c567de6dc'
System info: host: 'MADHAVI', ip: '192.168.1.193', os.name: 'Windows 10', os.arch: 'amd64', os.version: '10.0', java.version: '16'
Driver info: org.openqa.selenium.chrome.ChromeDriver
Capabilities {acceptInsecureCerts: false, browserName: chrome, browserVersion: 90.0.4430.212, chrome: {chromedriverVersion: 90.0.4430.24 (4c6d850f087da..., userDataDir: C:\Users\vjkav\AppData\Loca...}, goog:chromeOptions: {debuggerAddress: localhost:65301}, javascriptEnabled: true, networkConnectionEnabled: false, pageLoadStrategy: normal, platform: WINDOWS, platformName: WINDOWS, proxy: Proxy(), setWindowRect: true, strictFileInteractability: false, timeouts: {implicit: 0, pageLoad: 300000, script: 30000}, unhandledPromptBehavior: dismiss and notify, webauthn:extension:largeBlob: true, webauthn:virtualAuthenticators: true}
Session ID: e18ff417b0b9d1b795825898dfd2168c
*** Element info: {Using=xpath, value=//*[@id="aspnetForm"]/header/div/div/div/div[3]/div/ul/li[1]/a/img}
	at com.DollarDays.testcases.TC_SiginTest.signinTestTC_DD04(TC_SiginTest.java:14)
</failure>
    <system-out><![CDATA[Open Chrome Driver
[INFO ] 2021-05-28 13:44:51.548 [main] Baseclass - Open Chrome Browser
[INFO ] 2021-05-28 13:44:55.286 [main] Baseclass - Opening the Browser
[INFO ] 2021-05-28 13:45:14.700 [main] Baseclass - Navigate to the Browser
[INFO ] 2021-05-28 13:45:14.702 [main] Baseclass - Navigate to the Browser
]]></system-out>
    <system-err><![CDATA[SLF4J: Failed to load class "org.slf4j.impl.StaticLoggerBinder".
SLF4J: Defaulting to no-operation (NOP) logger implementation
SLF4J: See http://www.slf4j.org/codes.html#StaticLoggerBinder for further details.
Starting ChromeDriver 90.0.4430.24 (4c6d850f087da467d926e8eddb76550aed655991-refs/branch-heads/4430@{#429}) on port 41022
Only local connections are allowed.
Please see https://chromedriver.chromium.org/security-considerations for suggestions on keeping ChromeDriver safe.
ChromeDriver was started successfully.
May 28, 2021 1:44:55 PM org.openqa.selenium.remote.ProtocolHandshake createSession
INFO: Detected dialect: W3C
]]></system-err>
  </testcase>
  <testcase name="SigninTestTC_DD05" classname="com.DollarDays.testcases.TC_SiginTest" time="10.27"/>
  <testcase name="popuptest" classname="com.DollarDays.testcases.TC_PopUp_001" time="9.952">
    <failure message="Cannot locate an element using xpath=//*[@id=&quot;aspnetForm&quot;]/header/div/div/div/div[3]/div/ul/li[1]/a/img&#10;For documentation on this error, please visit: https://www.seleniumhq.org/exceptions/no_such_element.html&#10;Build info: version: &apos;4.0.0-alpha-3&apos;, revision: &apos;8c567de6dc&apos;&#10;System info: host: &apos;MADHAVI&apos;, ip: &apos;192.168.1.193&apos;, os.name: &apos;Windows 10&apos;, os.arch: &apos;amd64&apos;, os.version: &apos;10.0&apos;, java.version: &apos;16&apos;&#10;Driver info: driver.version: RemoteWebDriver" type="org.openqa.selenium.NoSuchElementException">org.openqa.selenium.NoSuchElementException: 
Cannot locate an element using xpath=//*[@id="aspnetForm"]/header/div/div/div/div[3]/div/ul/li[1]/a/img
For documentation on this error, please visit: https://www.seleniumhq.org/exceptions/no_such_element.html
Build info: version: '4.0.0-alpha-3', revision: '8c567de6dc'
System info: host: 'MADHAVI', ip: '192.168.1.193', os.name: 'Windows 10', os.arch: 'amd64', os.version: '10.0', java.version: '16'
Driver info: driver.version: RemoteWebDriver
	at com.DollarDays.testcases.TC_PopUp_001.popuptest(TC_PopUp_001.java:13)
</failure>
    <system-out><![CDATA[[INFO ] 2021-05-28 13:45:46.725 [main] Baseclass - Closing the Browser
Open Chrome Driver
[INFO ] 2021-05-28 13:45:47.164 [main] Baseclass - Open Chrome Browser
[INFO ] 2021-05-28 13:45:48.073 [main] Baseclass - Opening the Browser
[INFO ] 2021-05-28 13:45:58.458 [main] Baseclass - Navigate to the Browser
]]></system-out>
    <system-err><![CDATA[Starting ChromeDriver 90.0.4430.24 (4c6d850f087da467d926e8eddb76550aed655991-refs/branch-heads/4430@{#429}) on port 23422
Only local connections are allowed.
Please see https://chromedriver.chromium.org/security-considerations for suggestions on keeping ChromeDriver safe.
ChromeDriver was started successfully.
May 28, 2021 1:45:48 PM org.openqa.selenium.remote.ProtocolHandshake createSession
INFO: Detected dialect: W3C
]]></system-err>
  </testcase>
  <testcase name="setUp" classname="com.DollarDays.testcases.TC_WishList_003" time="13.784">
    <failure message="unknown error: cannot determine loading status&#10;from disconnected: received Inspector.detached event&#10;  (Session info: chrome=90.0.4430.212)&#10;Build info: version: &apos;4.0.0-alpha-3&apos;, revision: &apos;8c567de6dc&apos;&#10;System info: host: &apos;MADHAVI&apos;, ip: &apos;192.168.1.193&apos;, os.name: &apos;Windows 10&apos;, os.arch: &apos;amd64&apos;, os.version: &apos;10.0&apos;, java.version: &apos;16&apos;&#10;Driver info: org.openqa.selenium.chrome.ChromeDriver&#10;Capabilities {acceptInsecureCerts: false, browserName: chrome, browserVersion: 90.0.4430.212, chrome: {chromedriverVersion: 90.0.4430.24 (4c6d850f087da..., userDataDir: C:\Users\vjkav\AppData\Loca...}, goog:chromeOptions: {debuggerAddress: localhost:65380}, javascriptEnabled: true, networkConnectionEnabled: false, pageLoadStrategy: normal, platform: WINDOWS, platformName: WINDOWS, proxy: Proxy(), setWindowRect: true, strictFileInteractability: false, timeouts: {implicit: 0, pageLoad: 300000, script: 30000}, unhandledPromptBehavior: dismiss and notify, webauthn:extension:largeBlob: true, webauthn:virtualAuthenticators: true}&#10;Session ID: 7b1a723d2db0e8e2f037e0c4e260eb80" type="org.openqa.selenium.WebDriverException">org.openqa.selenium.WebDriverException: 
unknown error: cannot determine loading status
from disconnected: received Inspector.detached event
  (Session info: chrome=90.0.4430.212)
Build info: version: '4.0.0-alpha-3', revision: '8c567de6dc'
System info: host: 'MADHAVI', ip: '192.168.1.193', os.name: 'Windows 10', os.arch: 'amd64', os.version: '10.0', java.version: '16'
Driver info: org.openqa.selenium.chrome.ChromeDriver
Capabilities {acceptInsecureCerts: false, browserName: chrome, browserVersion: 90.0.4430.212, chrome: {chromedriverVersion: 90.0.4430.24 (4c6d850f087da..., userDataDir: C:\Users\vjkav\AppData\Loca...}, goog:chromeOptions: {debuggerAddress: localhost:65380}, javascriptEnabled: true, networkConnectionEnabled: false, pageLoadStrategy: normal, platform: WINDOWS, platformName: WINDOWS, proxy: Proxy(), setWindowRect: true, strictFileInteractability: false, timeouts: {implicit: 0, pageLoad: 300000, script: 30000}, unhandledPromptBehavior: dismiss and notify, webauthn:extension:largeBlob: true, webauthn:virtualAuthenticators: true}
Session ID: 7b1a723d2db0e8e2f037e0c4e260eb80
</failure>
    <system-out><![CDATA[[INFO ] 2021-05-28 13:46:08.108 [main] Baseclass - Closing the Browser
Open Chrome Driver
[INFO ] 2021-05-28 13:46:08.441 [main] Baseclass - Open Chrome Browser
[INFO ] 2021-05-28 13:46:09.459 [main] Baseclass - Opening the Browser
]]></system-out>
    <system-err><![CDATA[Starting ChromeDriver 90.0.4430.24 (4c6d850f087da467d926e8eddb76550aed655991-refs/branch-heads/4430@{#429}) on port 1876
Only local connections are allowed.
Please see https://chromedriver.chromium.org/security-considerations for suggestions on keeping ChromeDriver safe.
ChromeDriver was started successfully.
May 28, 2021 1:46:09 PM org.openqa.selenium.remote.ProtocolHandshake createSession
INFO: Detected dialect: W3C
]]></system-err>
  </testcase>
  <testcase name="wishlistTest" classname="com.DollarDays.testcases.TC_WishList_003" time="0">
    <skipped message="unknown error: cannot determine loading status&#10;from disconnected: received Inspector.detached event&#10;  (Session info: chrome=90.0.4430.212)&#10;Build info: version: &apos;4.0.0-alpha-3&apos;, revision: &apos;8c567de6dc&apos;&#10;System info: host: &apos;MADHAVI&apos;, ip: &apos;192.168.1.193&apos;, os.name: &apos;Windows 10&apos;, os.arch: &apos;amd64&apos;, os.version: &apos;10.0&apos;, java.version: &apos;16&apos;&#10;Driver info: org.openqa.selenium.chrome.ChromeDriver&#10;Capabilities {acceptInsecureCerts: false, browserName: chrome, browserVersion: 90.0.4430.212, chrome: {chromedriverVersion: 90.0.4430.24 (4c6d850f087da..., userDataDir: C:\Users\vjkav\AppData\Loca...}, goog:chromeOptions: {debuggerAddress: localhost:65380}, javascriptEnabled: true, networkConnectionEnabled: false, pageLoadStrategy: normal, platform: WINDOWS, platformName: WINDOWS, proxy: Proxy(), setWindowRect: true, strictFileInteractability: false, timeouts: {implicit: 0, pageLoad: 300000, script: 30000}, unhandledPromptBehavior: dismiss and notify, webauthn:extension:largeBlob: true, webauthn:virtualAuthenticators: true}&#10;Session ID: 7b1a723d2db0e8e2f037e0c4e260eb80"/>
  </testcase>
  <testcase name="Teardown" classname="com.DollarDays.testcases.TC_WishList_003" time="0">
    <skipped/>
  </testcase>
</testsuite>