<?xml version="1.0" encoding="UTF-8"?>
<testng-results ignored="0" total="4" passed="4" failed="0" skipped="0">
  <reporter-output>
  </reporter-output>
  <suite started-at="2021-06-02T15:19:33 EDT" name="Suite" finished-at="2021-06-02T15:20:49 EDT" duration-ms="76347">
    <groups>
    </groups>
    <test started-at="2021-06-02T15:19:33 EDT" name="DollardaysTest" finished-at="2021-06-02T15:20:49 EDT" duration-ms="76347">
      <class name="com.DollarDays.testcases.TC_WishList_003">
        <test-method is-config="true" signature="setUp(java.lang.String)[pri:0, instance:com.DollarDays.testcases.TC_WishList_003@7671cb68]" started-at="2021-06-02T15:20:37 EDT" name="setUp" finished-at="2021-06-02T15:20:42 EDT" duration-ms="4498" status="PASS">
          <params>
            <param index="0">
              <value>
                <![CDATA[chrome]]>
              </value>
            </param>
          </params>
          <reporter-output>
          </reporter-output>
        </test-method> <!-- setUp -->
        <test-method signature="wishlistTest()[pri:0, instance:com.DollarDays.testcases.TC_WishList_003@7671cb68]" started-at="2021-06-02T15:20:42 EDT" name="wishlistTest" finished-at="2021-06-02T15:20:49 EDT" duration-ms="6608" status="PASS">
          <reporter-output>
          </reporter-output>
        </test-method> <!-- wishlistTest -->
        <test-method is-config="true" signature="Teardown()[pri:0, instance:com.DollarDays.testcases.TC_WishList_003@7671cb68]" started-at="2021-06-02T15:20:49 EDT" name="Teardown" finished-at="2021-06-02T15:20:49 EDT" duration-ms="797" status="PASS">
          <reporter-output>
          </reporter-output>
        </test-method> <!-- Teardown -->
      </class> <!-- com.DollarDays.testcases.TC_WishList_003 -->
      <class name="com.DollarDays.testcases.TC_PopUp_001">
        <test-method is-config="true" signature="setUp(java.lang.String)[pri:0, instance:com.DollarDays.testcases.TC_PopUp_001@73ee04c8]" started-at="2021-06-02T15:20:05 EDT" name="setUp" finished-at="2021-06-02T15:20:09 EDT" duration-ms="4581" status="PASS">
          <params>
            <param index="0">
              <value>
                <![CDATA[chrome]]>
              </value>
            </param>
          </params>
          <reporter-output>
          </reporter-output>
        </test-method> <!-- setUp -->
        <test-method signature="popuptest()[pri:0, instance:com.DollarDays.testcases.TC_PopUp_001@73ee04c8]" started-at="2021-06-02T15:20:09 EDT" name="popuptest" finished-at="2021-06-02T15:20:37 EDT" duration-ms="27356" status="PASS">
          <reporter-output>
          </reporter-output>
        </test-method> <!-- popuptest -->
        <test-method is-config="true" signature="Teardown()[pri:0, instance:com.DollarDays.testcases.TC_PopUp_001@73ee04c8]" started-at="2021-06-02T15:20:37 EDT" name="Teardown" finished-at="2021-06-02T15:20:37 EDT" duration-ms="924" status="PASS">
          <reporter-output>
          </reporter-output>
        </test-method> <!-- Teardown -->
      </class> <!-- com.DollarDays.testcases.TC_PopUp_001 -->
      <class name="com.DollarDays.testcases.TC_SiginTest">
        <test-method is-config="true" signature="setUp(java.lang.String)[pri:0, instance:com.DollarDays.testcases.TC_SiginTest@87a85e1]" started-at="2021-06-02T15:19:34 EDT" name="setUp" finished-at="2021-06-02T15:19:40 EDT" duration-ms="6467" status="PASS">
          <params>
            <param index="0">
              <value>
                <![CDATA[chrome]]>
              </value>
            </param>
          </params>
          <reporter-output>
          </reporter-output>
        </test-method> <!-- setUp -->
        <test-method signature="signinTestTC_DD04()[pri:0, instance:com.DollarDays.testcases.TC_SiginTest@87a85e1]" started-at="2021-06-02T15:19:40 EDT" name="signinTestTC_DD04" finished-at="2021-06-02T15:19:47 EDT" duration-ms="6812" status="PASS">
          <reporter-output>
          </reporter-output>
        </test-method> <!-- signinTestTC_DD04 -->
        <test-method is-config="true" signature="Teardown()[pri:0, instance:com.DollarDays.testcases.TC_SiginTest@87a85e1]" started-at="2021-06-02T15:19:47 EDT" name="Teardown" finished-at="2021-06-02T15:19:48 EDT" duration-ms="772" status="PASS">
          <reporter-output>
          </reporter-output>
        </test-method> <!-- Teardown -->
        <test-method is-config="true" signature="setUp(java.lang.String)[pri:0, instance:com.DollarDays.testcases.TC_SiginTest@87a85e1]" started-at="2021-06-02T15:19:48 EDT" name="setUp" finished-at="2021-06-02T15:19:52 EDT" duration-ms="4525" status="PASS">
          <params>
            <param index="0">
              <value>
                <![CDATA[chrome]]>
              </value>
            </param>
          </params>
          <reporter-output>
          </reporter-output>
        </test-method> <!-- setUp -->
        <test-method signature="SigninTestTC_DD05()[pri:1, instance:com.DollarDays.testcases.TC_SiginTest@87a85e1]" started-at="2021-06-02T15:19:52 EDT" name="SigninTestTC_DD05" finished-at="2021-06-02T15:20:04 EDT" duration-ms="11360" status="PASS">
          <reporter-output>
          </reporter-output>
        </test-method> <!-- SigninTestTC_DD05 -->
        <test-method is-config="true" signature="Teardown()[pri:0, instance:com.DollarDays.testcases.TC_SiginTest@87a85e1]" started-at="2021-06-02T15:20:04 EDT" name="Teardown" finished-at="2021-06-02T15:20:05 EDT" duration-ms="859" status="PASS">
          <reporter-output>
          </reporter-output>
        </test-method> <!-- Teardown -->
      </class> <!-- com.DollarDays.testcases.TC_SiginTest -->
    </test> <!-- DollardaysTest -->
  </suite> <!-- Suite -->
</testng-results>
