<?xml version="1.0" encoding="UTF-8"?>
<testsuite xmlns:xsi="http://www.w3.org/2001/XMLSchema-instance" xsi:noNamespaceSchemaLocation="https://maven.apache.org/surefire/maven-surefire-plugin/xsd/surefire-test-report.xsd" name="TestSuite" time="78.353" tests="4" errors="0" skipped="0" failures="0">
  <properties>
[...]
</properties>
  <testcase name="signinTestTC_DD04" classname="com.DollarDays.testcases.TC_SiginTest" time="6.815"/>
  <testcase name="SigninTestTC_DD05" classname="com.DollarDays.testcases.TC_SiginTest" time="11.359"/>
  <testcase name="popuptest" classname="com.DollarDays.testcases.TC_PopUp_001" time="27.357"/>
  <testcase name="wishlistTest" classname="com.DollarDays.testcases.TC_WishList_003" time="6.609"/>
</testsuite>