<?xml version="1.0" encoding="UTF-8"?>
<testng-results ignored="0" total="1" passed="1" failed="0" skipped="0">
  <reporter-output>
  </reporter-output>
  <suite started-at="2021-06-02T15:18:20 EDT" name="Default suite" finished-at="2021-06-02T15:18:58 EDT" duration-ms="38208">
    <groups>
    </groups>
    <test started-at="2021-06-02T15:18:20 EDT" name="Default test" finished-at="2021-06-02T15:18:58 EDT" duration-ms="38208">
      <class name="com.DollarDays.testcases.TC_PopUp_001">
        <test-method is-config="true" signature="setUp(java.lang.String)[pri:0, instance:com.DollarDays.testcases.TC_PopUp_001@6bedbc4d]" started-at="2021-06-02T15:18:20 EDT" name="setUp" finished-at="2021-06-02T15:18:28 EDT" duration-ms="7377" status="PASS">
          <params>
            <param index="0">
              <value>
                <![CDATA[chrome]]>
              </value>
            </param>
          </params>
          <reporter-output>
          </reporter-output>
        </test-method> <!-- setUp -->
        <test-method signature="popuptest()[pri:0, instance:com.DollarDays.testcases.TC_PopUp_001@6bedbc4d]" started-at="2021-06-02T15:18:28 EDT" name="popuptest" finished-at="2021-06-02T15:18:57 EDT" duration-ms="29835" status="PASS">
          <reporter-output>
          </reporter-output>
        </test-method> <!-- popuptest -->
        <test-method is-config="true" signature="Teardown()[pri:0, instance:com.DollarDays.testcases.TC_PopUp_001@6bedbc4d]" started-at="2021-06-02T15:18:57 EDT" name="Teardown" finished-at="2021-06-02T15:18:58 EDT" duration-ms="923" status="PASS">
          <reporter-output>
          </reporter-output>
        </test-method> <!-- Teardown -->
      </class> <!-- com.DollarDays.testcases.TC_PopUp_001 -->
    </test> <!-- Default test -->
  </suite> <!-- Default suite -->
</testng-results>
