<?xml version="1.0" encoding="UTF-8"?>
<testng-results ignored="0" total="1" passed="1" failed="0" skipped="0">
  <reporter-output>
  </reporter-output>
  <suite started-at="2021-05-27T19:07:12 EDT" name="Default suite" finished-at="2021-05-27T19:07:23 EDT" duration-ms="11514">
    <groups>
    </groups>
    <test started-at="2021-05-27T19:07:12 EDT" name="Default test" finished-at="2021-05-27T19:07:23 EDT" duration-ms="11514">
      <class name="com.DollarDays.testcases.TC_WishList_003">
        <test-method is-config="true" signature="setUp(java.lang.String)[pri:0, instance:com.DollarDays.testcases.TC_WishList_003@13e39c73]" started-at="2021-05-27T19:07:12 EDT" name="setUp" finished-at="2021-05-27T19:07:18 EDT" duration-ms="6716" status="PASS">
          <params>
            <param index="0">
              <value>
                <![CDATA[chrome]]>
              </value>
            </param>
          </params>
          <reporter-output>
          </reporter-output>
        </test-method> <!-- setUp -->
        <test-method signature="wishlistTest()[pri:0, instance:com.DollarDays.testcases.TC_WishList_003@13e39c73]" started-at="2021-05-27T19:07:18 EDT" name="wishlistTest" finished-at="2021-05-27T19:07:23 EDT" duration-ms="4337" status="PASS">
          <reporter-output>
          </reporter-output>
        </test-method> <!-- wishlistTest -->
        <test-method is-config="true" signature="Teardown()[pri:0, instance:com.DollarDays.testcases.TC_WishList_003@13e39c73]" started-at="2021-05-27T19:07:23 EDT" name="Teardown" finished-at="2021-05-27T19:07:23 EDT" duration-ms="380" status="PASS">
          <reporter-output>
          </reporter-output>
        </test-method> <!-- Teardown -->
      </class> <!-- com.DollarDays.testcases.TC_WishList_003 -->
    </test> <!-- Default test -->
  </suite> <!-- Default suite -->
</testng-results>
